Traceback (most recent call last):
  File "/Users/patricejourdan/trading_bot_ultimate/main.py", line 26, in <module>
    asyncio.run(arbitrage_loop())
  File "/Users/patricejourdan/.pyenv/versions/3.11.9/lib/python3.11/asyncio/runners.py", line 190, in run
    return runner.run(main)
           ^^^^^^^^^^^^^^^^
  File "/Users/patricejourdan/.pyenv/versions/3.11.9/lib/python3.11/asyncio/runners.py", line 118, in run
    return self._loop.run_until_complete(task)
           ^^^^^^^^^^^^^^^^^^^^^^^^^^^^^^^^^^^
  File "/Users/patricejourdan/.pyenv/versions/3.11.9/lib/python3.11/asyncio/base_events.py", line 654, in run_until_complete
    return future.result()
           ^^^^^^^^^^^^^^^
  File "/Users/patricejourdan/trading_bot_ultimate/main.py", line 14, in arbitrage_loop
    engine = ArbitrageEngine()
             ^^^^^^^^^^^^^^^^^
  File "/Users/patricejourdan/trading_bot_ultimate/modules/arbitrage_engine.py", line 12, in __init__
    self.config = json.load(f)
                  ^^^^^^^^^^^^
  File "/Users/patricejourdan/.pyenv/versions/3.11.9/lib/python3.11/json/__init__.py", line 293, in load
    return loads(fp.read(),
           ^^^^^^^^^^^^^^^^
  File "/Users/patricejourdan/.pyenv/versions/3.11.9/lib/python3.11/json/__init__.py", line 346, in loads
    return _default_decoder.decode(s)
           ^^^^^^^^^^^^^^^^^^^^^^^^^^
  File "/Users/patricejourdan/.pyenv/versions/3.11.9/lib/python3.11/json/decoder.py", line 337, in decode
    obj, end = self.raw_decode(s, idx=_w(s, 0).end())
               ^^^^^^^^^^^^^^^^^^^^^^^^^^^^^^^^^^^^^^
  File "/Users/patricejourdan/.pyenv/versions/3.11.9/lib/python3.11/json/decoder.py", line 353, in raw_decode
    obj, end = self.scan_once(s, idx)
               ^^^^^^^^^^^^^^^^^^^^^^
json.decoder.JSONDecodeError: Expecting property name enclosed in double quotes: line 2 column 28 (char 29)
2025-05-12 15:14:50,008 - strategies.arbitrage.real_arbitrage - INFO - Exchange binance initialisé avec succès
2025-05-12 15:14:57,709 - strategies.arbitrage.real_arbitrage - WARNING - Tentative 1/3 pour BNB/USDC - Attente 1s - Erreur: '<=' not supported between instances of 'dict' and 'int'
2025-05-12 15:14:58,715 - strategies.arbitrage.real_arbitrage - WARNING - Tentative 2/3 pour BNB/USDC - Attente 2s - Erreur: '<=' not supported between instances of 'dict' and 'int'
2025-05-12 15:15:00,716 - strategies.arbitrage.real_arbitrage - WARNING - Tentative 3/3 pour BNB/USDC - Attente 4s - Erreur: '<=' not supported between instances of 'dict' and 'int'
2025-05-12 15:46:02,540 - strategies.arbitrage.real_arbitrage - INFO - Exchange binance initialisé avec succès
2025-05-12 15:46:17,237 - strategies.arbitrage.real_arbitrage - WARNING - Tentative 1/3 pour BNB/USDC - Attente 1s - Erreur: '<=' not supported between instances of 'dict' and 'int'
2025-05-12 15:46:18,242 - strategies.arbitrage.real_arbitrage - WARNING - Tentative 2/3 pour BNB/USDC - Attente 2s - Erreur: '<=' not supported between instances of 'dict' and 'int'
2025-05-12 15:50:48,032 - strategies.arbitrage.real_arbitrage - INFO - Exchange binance initialisé avec succès
2025-05-12 15:50:55,350 - strategies.arbitrage.real_arbitrage - WARNING - Tentative 1: Méthode _fetch_via_order_book échouée pour BNB/USDC: '<=' not supported between instances of 'dict' and 'int'
2025-05-12 15:50:56,924 - strategies.arbitrage.real_arbitrage - WARNING - Tentative 1: Méthode _fetch_via_order_book échouée pour BTC/USDC: '<=' not supported between instances of 'dict' and 'int'
2025-05-12 15:50:58,496 - strategies.arbitrage.real_arbitrage - WARNING - Tentative 1: Méthode _fetch_via_order_book échouée pour ETH/USDC: '<=' not supported between instances of 'dict' and 'int'
