2025-05-03 06:18:44,918 - __main__ - INFO - Connecté au flux temps réel Binance
2025-05-03 06:19:10,962 - __main__ - INFO - Arrêt manuel du bot
2025-05-03 06:33:34,663 - __main__ - INFO - Connecté au flux temps réel Binance
2025-05-03 06:33:44,972 - __main__ - INFO - Arrêt manuel du bot
2025-05-03 06:33:50,652 - __main__ - INFO - Connecté au flux temps réel Binance
2025-05-03 06:33:56,300 - __main__ - INFO - Arrêt manuel du bot
2025-05-03 06:34:01,748 - __main__ - INFO - Connecté au flux temps réel Binance
2025-05-03 06:34:08,025 - __main__ - INFO - Arrêt manuel du bot
2025-05-03 06:51:40,976 - __main__ - INFO - Connecté au flux temps réel Binance
2025-05-03 06:52:17,227 - __main__ - INFO - 
Prix: 96198.42
2025-05-03 06:52:17,227 - __main__ - INFO - RSI: 99.70
2025-05-03 06:52:19,108 - __main__ - INFO - 
Prix: 96198.41
2025-05-03 06:52:19,108 - __main__ - INFO - RSI: 99.55
2025-05-03 06:52:21,097 - __main__ - INFO - 
Prix: 96198.41
2025-05-03 06:52:21,098 - __main__ - INFO - RSI: 99.55
2025-05-03 06:52:23,099 - __main__ - INFO - 
Prix: 96198.42
2025-05-03 06:52:23,099 - __main__ - INFO - RSI: 99.55
2025-05-03 06:52:25,102 - __main__ - INFO - 
Prix: 96198.42
2025-05-03 06:52:25,102 - __main__ - INFO - RSI: 99.55
2025-05-03 06:52:27,102 - __main__ - INFO - 
Prix: 96198.42
2025-05-03 06:52:27,102 - __main__ - INFO - RSI: 99.55
2025-05-03 06:52:29,131 - __main__ - INFO - 
Prix: 96198.42
2025-05-03 06:52:29,131 - __main__ - INFO - RSI: 99.55
2025-05-03 06:52:31,103 - __main__ - INFO - 
Prix: 96198.42
2025-05-03 06:52:31,103 - __main__ - INFO - RSI: 99.55
2025-05-03 06:52:31,427 - __main__ - INFO - Arrêt manuel du bot
2025-05-03 06:52:51,580 - __main__ - INFO - Connecté aux symboles: btcusdc, ethusdc
2025-05-03 06:53:44,131 - __main__ - INFO - Arrêt manuel du bot
2025-05-03 07:08:39,454 - __main__ - INFO - Connecté au flux temps réel Binance
2025-05-03 07:08:50,842 - __main__ - INFO - Arrêt manuel du bot
2025-05-03 07:08:57,043 - __main__ - INFO - Connecté aux symboles: btcusdt, ethusdt
2025-05-03 07:09:15,844 - __main__ - INFO - Arrêt manuel du bot
